c:\users\paharevsky\source\repos\lab3\lab3\debug\vc141.pdb
c:\users\paharevsky\source\repos\lab3\lab3\debug\vc141.idb
c:\users\paharevsky\source\repos\lab3\lab3\debug\polynomial.obj
c:\users\paharevsky\source\repos\lab3\lab3\debug\main.obj
d:\projectgit\3semestr\lab3\lab3\debug\vc141.pdb
d:\projectgit\3semestr\lab3\lab3\debug\vc141.idb
d:\projectgit\3semestr\lab3\lab3\debug\polynomial.obj
c:\users\paharevsky\source\repos\lab3\debug\lab3.ilk
c:\users\paharevsky\source\repos\lab3\debug\lab3.exe
c:\users\paharevsky\source\repos\lab3\debug\lab3.pdb
d:\projectgit\3semestr\lab3\debug\lab3.exe
d:\projectgit\3semestr\lab3\debug\lab3.ilk
d:\projectgit\3semestr\lab3\debug\lab3.pdb
d:\projectgit\3semestr\lab3\lab3\debug\main.obj
d:\projectgit\3semestr\lab3\lab3\debug\lab3.tlog\cl.command.1.tlog
d:\projectgit\3semestr\lab3\lab3\debug\lab3.tlog\cl.read.1.tlog
d:\projectgit\3semestr\lab3\lab3\debug\lab3.tlog\cl.write.1.tlog
d:\projectgit\3semestr\lab3\lab3\debug\lab3.tlog\link.command.1.tlog
d:\projectgit\3semestr\lab3\lab3\debug\lab3.tlog\link.read.1.tlog
d:\projectgit\3semestr\lab3\lab3\debug\lab3.tlog\link.write.1.tlog
